{
  "uid" : "5736fb2b010b53bf",
  "name" : "test_close_rules_modal",
  "fullName" : "test.test_clickable_button_rules#test_close_rules_modal",
  "historyId" : "bb949eee6ec3189213ba299c4dc9ddbe",
  "time" : {
    "start" : 1714983793019,
    "stop" : 1714983793019,
    "duration" : 0
  },
  "status" : "broken",
  "statusMessage" : "selenium.common.exceptions.WebDriverException: Message: unknown error: net::ERR_NAME_NOT_RESOLVED\n  (Session info: headless chrome=102.0.5005.182)",
  "statusTrace" : "request = <SubRequest 'app' for <Function test_click_chat_room>>\nconfig = {'api': {'Login_admin': 'testchat100', 'Login_player': 'testchat101', 'Password_admin': 'Qwert123}', 'Password_player': 'Qwert123}', ...}, 'web': {'baseUrl': 'https://qamain.kit.casino/'}}\ninit_authorization = (<fixture.authorization.Authorization object at 0x7f3ece2590d0>, 'syt_NjM0MGQ4MWUtZjIyMC00OTMxLTg4ZWItZjNhZTU2OTJjYTdi...yNGMtMjg0ODRhN2QwY2Yz_zlimRcDBoiDgRSvcmohy_46DwkZ', '4ea5b488-733b-4566-924c-28484a7d0cf3', '!qQtVtblQXsAHkkuYCN', ...)\n\n    @pytest.fixture(scope=\"session\", autouse=False)\n    def app(request, config, init_authorization):\n        # Фикстура для инициализации приложения (открытия браузера).\n        web_config = config[\"web\"]\n        browser = request.config.getoption(\"--browser\")\n        auth, player_access_token, player_user_id, admin_access_token, admin_user_id, roomA, room_second_part, roomB, admin_api_token = init_authorization\n    \n        app_fixture = Application(browser=browser, base_url=web_config['baseUrl'], roomA=roomA, room_second_part=room_second_part, roomB=roomB)\n>       app_fixture.open_home_page()\n\nconftest.py:93: \n_ _ _ _ _ _ _ _ _ _ _ _ _ _ _ _ _ _ _ _ _ _ _ _ _ _ _ _ _ _ _ _ _ _ _ _ _ _ _ _ \nfixture/application.py:44: in open_home_page\n    self.wd.get(modified_base_url)\n../local/lib/python3.9/site-packages/selenium/webdriver/remote/webdriver.py:356: in get\n    self.execute(Command.GET, {\"url\": url})\n../local/lib/python3.9/site-packages/selenium/webdriver/remote/webdriver.py:347: in execute\n    self.error_handler.check_response(response)\n_ _ _ _ _ _ _ _ _ _ _ _ _ _ _ _ _ _ _ _ _ _ _ _ _ _ _ _ _ _ _ _ _ _ _ _ _ _ _ _ \n\nself = <selenium.webdriver.remote.errorhandler.ErrorHandler object at 0x7f3ece259dc0>\nresponse = {'status': 500, 'value': '{\"value\":{\"error\":\"unknown error\",\"message\":\"unknown error: net::ERR_NAME_NOT_RESOLVED\\\\n  (Session info: headless chrome=102.0.5005.182)\",\"stacktrace\":\"\"}}'}\n\n    def check_response(self, response: Dict[str, Any]) -> None:\n        \"\"\"Checks that a JSON response from the WebDriver does not have an\n        error.\n    \n        :Args:\n         - response - The JSON response from the WebDriver server as a dictionary\n           object.\n    \n        :Raises: If the response contains an error message.\n        \"\"\"\n        status = response.get(\"status\", None)\n        if not status or status == ErrorCode.SUCCESS:\n            return\n        value = None\n        message = response.get(\"message\", \"\")\n        screen: str = response.get(\"screen\", \"\")\n        stacktrace = None\n        if isinstance(status, int):\n            value_json = response.get(\"value\", None)\n            if value_json and isinstance(value_json, str):\n                import json\n    \n                try:\n                    value = json.loads(value_json)\n                    if len(value) == 1:\n                        value = value[\"value\"]\n                    status = value.get(\"error\", None)\n                    if not status:\n                        status = value.get(\"status\", ErrorCode.UNKNOWN_ERROR)\n                        message = value.get(\"value\") or value.get(\"message\")\n                        if not isinstance(message, str):\n                            value = message\n                            message = message.get(\"message\")\n                    else:\n                        message = value.get(\"message\", None)\n                except ValueError:\n                    pass\n    \n        exception_class: Type[WebDriverException]\n        e = ErrorCode()\n        error_codes = [item for item in dir(e) if not item.startswith(\"__\")]\n        for error_code in error_codes:\n            error_info = getattr(ErrorCode, error_code)\n            if isinstance(error_info, list) and status in error_info:\n                exception_class = getattr(ExceptionMapping, error_code, WebDriverException)\n                break\n        else:\n            exception_class = WebDriverException\n    \n        if not value:\n            value = response[\"value\"]\n        if isinstance(value, str):\n            raise exception_class(value)\n        if message == \"\" and \"message\" in value:\n            message = value[\"message\"]\n    \n        screen = None  # type: ignore[assignment]\n        if \"screen\" in value:\n            screen = value[\"screen\"]\n    \n        stacktrace = None\n        st_value = value.get(\"stackTrace\") or value.get(\"stacktrace\")\n        if st_value:\n            if isinstance(st_value, str):\n                stacktrace = st_value.split(\"\\n\")\n            else:\n                stacktrace = []\n                try:\n                    for frame in st_value:\n                        line = frame.get(\"lineNumber\", \"\")\n                        file = frame.get(\"fileName\", \"<anonymous>\")\n                        if line:\n                            file = f\"{file}:{line}\"\n                        meth = frame.get(\"methodName\", \"<anonymous>\")\n                        if \"className\" in frame:\n                            meth = f\"{frame['className']}.{meth}\"\n                        msg = \"    at %s (%s)\"\n                        msg = msg % (meth, file)\n                        stacktrace.append(msg)\n                except TypeError:\n                    pass\n        if exception_class == UnexpectedAlertPresentException:\n            alert_text = None\n            if \"data\" in value:\n                alert_text = value[\"data\"].get(\"text\")\n            elif \"alert\" in value:\n                alert_text = value[\"alert\"].get(\"text\")\n            raise exception_class(message, screen, stacktrace, alert_text)  # type: ignore[call-arg]  # mypy is not smart enough here\n>       raise exception_class(message, screen, stacktrace)\nE       selenium.common.exceptions.WebDriverException: Message: unknown error: net::ERR_NAME_NOT_RESOLVED\nE         (Session info: headless chrome=102.0.5005.182)\n\n../local/lib/python3.9/site-packages/selenium/webdriver/remote/errorhandler.py:229: WebDriverException",
  "flaky" : false,
  "newFailed" : false,
  "beforeStages" : [ {
    "name" : "config",
    "time" : {
      "start" : 1714983749739,
      "stop" : 1714983749739,
      "duration" : 0
    },
    "status" : "passed",
    "steps" : [ ],
    "attachments" : [ ],
    "parameters" : [ ],
    "stepsCount" : 0,
    "hasContent" : false,
    "attachmentsCount" : 0,
    "shouldDisplayMessage" : false
  }, {
    "name" : "api_client",
    "time" : {
      "start" : 1714983752846,
      "stop" : 1714983752846,
      "duration" : 0
    },
    "status" : "passed",
    "steps" : [ ],
    "attachments" : [ ],
    "parameters" : [ ],
    "stepsCount" : 0,
    "hasContent" : false,
    "attachmentsCount" : 0,
    "shouldDisplayMessage" : false
  }, {
    "name" : "app",
    "time" : {
      "start" : 1714983787520,
      "stop" : 1714983792920,
      "duration" : 5400
    },
    "status" : "broken",
    "statusMessage" : "selenium.common.exceptions.WebDriverException: Message: unknown error: net::ERR_NAME_NOT_RESOLVED\n  (Session info: headless chrome=102.0.5005.182)\n\n",
    "statusTrace" : "  File \"/usr/local/lib/python3.9/site-packages/pluggy/_callers.py\", line 166, in _multicall\n    teardown.throw(outcome._exception)\n  File \"/usr/local/lib/python3.9/site-packages/_pytest/setuponly.py\", line 36, in pytest_fixture_setup\n    return (yield)\n  File \"/usr/local/lib/python3.9/site-packages/pluggy/_callers.py\", line 102, in _multicall\n    res = hook_impl.function(*args)\n  File \"/usr/local/lib/python3.9/site-packages/_pytest/fixtures.py\", line 1132, in pytest_fixture_setup\n    result = call_fixture_func(fixturefunc, request, kwargs)\n  File \"/usr/local/lib/python3.9/site-packages/_pytest/fixtures.py\", line 906, in call_fixture_func\n    fixture_result = next(generator)\n  File \"/usr/workspace/conftest.py\", line 93, in app\n    app_fixture.open_home_page()\n  File \"/usr/workspace/fixture/application.py\", line 44, in open_home_page\n    self.wd.get(modified_base_url)\n  File \"/usr/local/lib/python3.9/site-packages/selenium/webdriver/remote/webdriver.py\", line 356, in get\n    self.execute(Command.GET, {\"url\": url})\n  File \"/usr/local/lib/python3.9/site-packages/selenium/webdriver/remote/webdriver.py\", line 347, in execute\n    self.error_handler.check_response(response)\n  File \"/usr/local/lib/python3.9/site-packages/selenium/webdriver/remote/errorhandler.py\", line 229, in check_response\n    raise exception_class(message, screen, stacktrace)\n",
    "steps" : [ ],
    "attachments" : [ ],
    "parameters" : [ ],
    "stepsCount" : 0,
    "hasContent" : true,
    "attachmentsCount" : 0,
    "shouldDisplayMessage" : true
  }, {
    "name" : "init_authorization",
    "time" : {
      "start" : 1714983749739,
      "stop" : 1714983752846,
      "duration" : 3107
    },
    "status" : "passed",
    "steps" : [ ],
    "attachments" : [ ],
    "parameters" : [ ],
    "stepsCount" : 0,
    "hasContent" : false,
    "attachmentsCount" : 0,
    "shouldDisplayMessage" : false
  } ],
  "afterStages" : [ {
    "name" : "api_client::0",
    "time" : {
      "start" : 1714983870466,
      "stop" : 1714983870466,
      "duration" : 0
    },
    "status" : "passed",
    "steps" : [ ],
    "attachments" : [ ],
    "parameters" : [ ],
    "stepsCount" : 0,
    "hasContent" : false,
    "attachmentsCount" : 0,
    "shouldDisplayMessage" : false
  } ],
  "labels" : [ {
    "name" : "severity",
    "value" : "normal"
  }, {
    "name" : "story",
    "value" : "Closing Chat Rules Modal"
  }, {
    "name" : "feature",
    "value" : "Chat Rules"
  }, {
    "name" : "parentSuite",
    "value" : "test"
  }, {
    "name" : "suite",
    "value" : "test_clickable_button_rules"
  }, {
    "name" : "host",
    "value" : "f125ab9e1ca0"
  }, {
    "name" : "thread",
    "value" : "1-MainThread"
  }, {
    "name" : "framework",
    "value" : "pytest"
  }, {
    "name" : "language",
    "value" : "cpython3"
  }, {
    "name" : "package",
    "value" : "test.test_clickable_button_rules"
  }, {
    "name" : "resultFormat",
    "value" : "allure2"
  } ],
  "parameters" : [ ],
  "links" : [ ],
  "hidden" : false,
  "retry" : false,
  "extra" : {
    "severity" : "normal",
    "retries" : [ ],
    "categories" : [ {
      "name" : "Test defects",
      "matchedStatuses" : [ ],
      "flaky" : false
    } ],
    "history" : {
      "statistic" : {
        "failed" : 0,
        "broken" : 18,
        "skipped" : 90,
        "passed" : 10,
        "unknown" : 0,
        "total" : 118
      },
      "items" : [ {
        "uid" : "30347c1aeea14cd8",
        "status" : "skipped",
        "statusDetails" : "Skipped: The rules of chat did not open, skipping this test",
        "time" : {
          "start" : 1714958246610,
          "stop" : 1714958246732,
          "duration" : 122
        }
      }, {
        "uid" : "1e6c8dcb00b2d8f9",
        "status" : "skipped",
        "statusDetails" : "Skipped: The rules of chat did not open, skipping this test",
        "time" : {
          "start" : 1714926189628,
          "stop" : 1714926189744,
          "duration" : 116
        }
      }, {
        "uid" : "954b26febcc3437",
        "status" : "skipped",
        "statusDetails" : "Skipped: The rules of chat did not open, skipping this test",
        "time" : {
          "start" : 1714897294736,
          "stop" : 1714897294851,
          "duration" : 115
        }
      }, {
        "uid" : "93f24aae1afa984f",
        "status" : "skipped",
        "statusDetails" : "Skipped: The rules of chat did not open, skipping this test",
        "time" : {
          "start" : 1714872044170,
          "stop" : 1714872044286,
          "duration" : 116
        }
      }, {
        "uid" : "d1773d16da58ff95",
        "status" : "skipped",
        "statusDetails" : "Skipped: The rules of chat did not open, skipping this test",
        "time" : {
          "start" : 1714839738438,
          "stop" : 1714839738553,
          "duration" : 115
        }
      }, {
        "uid" : "2f83eca14b2ed7d5",
        "status" : "skipped",
        "statusDetails" : "Skipped: The rules of chat did not open, skipping this test",
        "time" : {
          "start" : 1714810883328,
          "stop" : 1714810883453,
          "duration" : 125
        }
      }, {
        "uid" : "6a5f51422d1a9327",
        "status" : "skipped",
        "statusDetails" : "Skipped: The rules of chat did not open, skipping this test",
        "time" : {
          "start" : 1714785310228,
          "stop" : 1714785310475,
          "duration" : 247
        }
      }, {
        "uid" : "3b145382253374c6",
        "status" : "skipped",
        "statusDetails" : "Skipped: The rules of chat did not open, skipping this test",
        "time" : {
          "start" : 1714753418183,
          "stop" : 1714753418363,
          "duration" : 180
        }
      }, {
        "uid" : "5f6fedb200ef7a52",
        "status" : "skipped",
        "statusDetails" : "Skipped: The rules of chat did not open, skipping this test",
        "time" : {
          "start" : 1714724519026,
          "stop" : 1714724519204,
          "duration" : 178
        }
      }, {
        "uid" : "83eb03f963a5c45a",
        "status" : "skipped",
        "statusDetails" : "Skipped: The rules of chat did not open, skipping this test",
        "time" : {
          "start" : 1714699113935,
          "stop" : 1714699114096,
          "duration" : 161
        }
      }, {
        "uid" : "e374f17600860a0",
        "status" : "skipped",
        "statusDetails" : "Skipped: The rules of chat did not open, skipping this test",
        "time" : {
          "start" : 1714666952611,
          "stop" : 1714666952730,
          "duration" : 119
        }
      }, {
        "uid" : "ba1aaefe0ba25f84",
        "status" : "skipped",
        "statusDetails" : "Skipped: The rules of chat did not open, skipping this test",
        "time" : {
          "start" : 1714638178961,
          "stop" : 1714638179076,
          "duration" : 115
        }
      }, {
        "uid" : "af64e8f5e9f41975",
        "status" : "skipped",
        "statusDetails" : "Skipped: The rules of chat did not open, skipping this test",
        "time" : {
          "start" : 1714612515423,
          "stop" : 1714612515540,
          "duration" : 117
        }
      }, {
        "uid" : "727b6aa2a676266b",
        "status" : "broken",
        "statusDetails" : "selenium.common.exceptions.SessionNotCreatedException: Message: session not created\nfrom timeout: Timed out receiving message from renderer: 600.000\n  (Session info: headless chrome=102.0.5005.182)",
        "time" : {
          "start" : 1714581146209,
          "stop" : 1714581146209,
          "duration" : 0
        }
      }, {
        "uid" : "6a6701a7530a87db",
        "status" : "broken",
        "statusDetails" : "selenium.common.exceptions.SessionNotCreatedException: Message: session not created\nfrom timeout: Timed out receiving message from renderer: 600.000\n  (Session info: headless chrome=102.0.5005.182)",
        "time" : {
          "start" : 1714552572648,
          "stop" : 1714552572648,
          "duration" : 0
        }
      }, {
        "uid" : "b49cb78f7e5b96d2",
        "status" : "broken",
        "statusDetails" : "selenium.common.exceptions.SessionNotCreatedException: Message: session not created\nfrom timeout: Timed out receiving message from renderer: 600.000\n  (Session info: headless chrome=102.0.5005.182)",
        "time" : {
          "start" : 1714527018743,
          "stop" : 1714527018743,
          "duration" : 0
        }
      }, {
        "uid" : "ba93d0a747bb51e4",
        "status" : "skipped",
        "statusDetails" : "Skipped: The rules of chat did not open, skipping this test",
        "time" : {
          "start" : 1714494210311,
          "stop" : 1714494210550,
          "duration" : 239
        }
      }, {
        "uid" : "e56ae5c8f8acbe84",
        "status" : "broken",
        "statusDetails" : "selenium.common.exceptions.SessionNotCreatedException: Message: session not created\nfrom timeout: Timed out receiving message from renderer: 600.000\n  (Session info: headless chrome=102.0.5005.182)",
        "time" : {
          "start" : 1714465971604,
          "stop" : 1714465971604,
          "duration" : 0
        }
      }, {
        "uid" : "fd32a0f452aac626",
        "status" : "skipped",
        "statusDetails" : "Skipped: The rules of chat did not open, skipping this test",
        "time" : {
          "start" : 1714439723286,
          "stop" : 1714439723436,
          "duration" : 150
        }
      }, {
        "uid" : "aae6b05d45162142",
        "status" : "skipped",
        "statusDetails" : "Skipped: The rules of chat did not open, skipping this test",
        "time" : {
          "start" : 1714407770871,
          "stop" : 1714407770987,
          "duration" : 116
        }
      } ]
    },
    "tags" : [ ]
  },
  "source" : "5736fb2b010b53bf.json",
  "parameterValues" : [ ]
}