{
  "uid" : "5c8278e20539d0",
  "name" : "test_show_chat_messages",
  "fullName" : "test.test_show_messages#test_show_chat_messages",
  "historyId" : "bf95ccec49a675867305b09ce0026f13",
  "time" : {
    "start" : 1716827650858,
    "stop" : 1716827650858,
    "duration" : 0
  },
  "status" : "broken",
  "statusMessage" : "selenium.common.exceptions.SessionNotCreatedException: Message: session not created\nfrom timeout: Timed out receiving message from renderer: 600.000\n  (Session info: headless chrome=102.0.5005.182)",
  "statusTrace" : "request = <SubRequest 'app' for <Function test_click_chat_room>>\nconfig = {'api': {'Login_admin': 'testchat100', 'Login_player': 'testchat101', 'Password_admin': 'Qwert123}', 'Password_player': 'Qwert123}', ...}, 'web': {'baseUrl': 'https://qamain.kit.casino/'}}\ninit_authorization = (<fixture.authorization.Authorization object at 0x7fc4511512e0>, 'syt_NjM0MGQ4MWUtZjIyMC00OTMxLTg4ZWItZjNhZTU2OTJjYTdi...yNGMtMjg0ODRhN2QwY2Yz_NtMjlmptfNqcHZVpuhDl_1Wv1CF', '4ea5b488-733b-4566-924c-28484a7d0cf3', '!qQtVtblQXsAHkkuYCN', ...)\n\n    @pytest.fixture(scope=\"session\", autouse=False)\n    def app(request, config, init_authorization):\n        # Фикстура для инициализации приложения (открытия браузера).\n        web_config = config[\"web\"]\n        browser = request.config.getoption(\"--browser\")\n        auth, player_access_token, player_user_id, admin_access_token, admin_user_id, roomA, room_second_part, roomB, admin_api_token = init_authorization\n    \n>       app_fixture = Application(browser=browser, base_url=web_config['baseUrl'], roomA=roomA, room_second_part=room_second_part, roomB=roomB)\n\nconftest.py:92: \n_ _ _ _ _ _ _ _ _ _ _ _ _ _ _ _ _ _ _ _ _ _ _ _ _ _ _ _ _ _ _ _ _ _ _ _ _ _ _ _ \nfixture/application.py:17: in __init__\n    self.wd = webdriver.Chrome(options=options)\n../local/lib/python3.9/site-packages/selenium/webdriver/chrome/webdriver.py:45: in __init__\n    super().__init__(\n../local/lib/python3.9/site-packages/selenium/webdriver/chromium/webdriver.py:61: in __init__\n    super().__init__(command_executor=executor, options=options)\n../local/lib/python3.9/site-packages/selenium/webdriver/remote/webdriver.py:208: in __init__\n    self.start_session(capabilities)\n../local/lib/python3.9/site-packages/selenium/webdriver/remote/webdriver.py:292: in start_session\n    response = self.execute(Command.NEW_SESSION, caps)[\"value\"]\n../local/lib/python3.9/site-packages/selenium/webdriver/remote/webdriver.py:347: in execute\n    self.error_handler.check_response(response)\n_ _ _ _ _ _ _ _ _ _ _ _ _ _ _ _ _ _ _ _ _ _ _ _ _ _ _ _ _ _ _ _ _ _ _ _ _ _ _ _ \n\nself = <selenium.webdriver.remote.errorhandler.ErrorHandler object at 0x7fc4510f6bb0>\nresponse = {'status': 500, 'value': '{\"value\":{\"error\":\"session not created\",\"message\":\"session not created\\\\nfrom timeout: Timed out receiving message from renderer: 600.000\\\\n  (Session info: headless chrome=102.0.5005.182)\",\"stacktrace\":\"\"}}'}\n\n    def check_response(self, response: Dict[str, Any]) -> None:\n        \"\"\"Checks that a JSON response from the WebDriver does not have an\n        error.\n    \n        :Args:\n         - response - The JSON response from the WebDriver server as a dictionary\n           object.\n    \n        :Raises: If the response contains an error message.\n        \"\"\"\n        status = response.get(\"status\", None)\n        if not status or status == ErrorCode.SUCCESS:\n            return\n        value = None\n        message = response.get(\"message\", \"\")\n        screen: str = response.get(\"screen\", \"\")\n        stacktrace = None\n        if isinstance(status, int):\n            value_json = response.get(\"value\", None)\n            if value_json and isinstance(value_json, str):\n                import json\n    \n                try:\n                    value = json.loads(value_json)\n                    if len(value) == 1:\n                        value = value[\"value\"]\n                    status = value.get(\"error\", None)\n                    if not status:\n                        status = value.get(\"status\", ErrorCode.UNKNOWN_ERROR)\n                        message = value.get(\"value\") or value.get(\"message\")\n                        if not isinstance(message, str):\n                            value = message\n                            message = message.get(\"message\")\n                    else:\n                        message = value.get(\"message\", None)\n                except ValueError:\n                    pass\n    \n        exception_class: Type[WebDriverException]\n        e = ErrorCode()\n        error_codes = [item for item in dir(e) if not item.startswith(\"__\")]\n        for error_code in error_codes:\n            error_info = getattr(ErrorCode, error_code)\n            if isinstance(error_info, list) and status in error_info:\n                exception_class = getattr(ExceptionMapping, error_code, WebDriverException)\n                break\n        else:\n            exception_class = WebDriverException\n    \n        if not value:\n            value = response[\"value\"]\n        if isinstance(value, str):\n            raise exception_class(value)\n        if message == \"\" and \"message\" in value:\n            message = value[\"message\"]\n    \n        screen = None  # type: ignore[assignment]\n        if \"screen\" in value:\n            screen = value[\"screen\"]\n    \n        stacktrace = None\n        st_value = value.get(\"stackTrace\") or value.get(\"stacktrace\")\n        if st_value:\n            if isinstance(st_value, str):\n                stacktrace = st_value.split(\"\\n\")\n            else:\n                stacktrace = []\n                try:\n                    for frame in st_value:\n                        line = frame.get(\"lineNumber\", \"\")\n                        file = frame.get(\"fileName\", \"<anonymous>\")\n                        if line:\n                            file = f\"{file}:{line}\"\n                        meth = frame.get(\"methodName\", \"<anonymous>\")\n                        if \"className\" in frame:\n                            meth = f\"{frame['className']}.{meth}\"\n                        msg = \"    at %s (%s)\"\n                        msg = msg % (meth, file)\n                        stacktrace.append(msg)\n                except TypeError:\n                    pass\n        if exception_class == UnexpectedAlertPresentException:\n            alert_text = None\n            if \"data\" in value:\n                alert_text = value[\"data\"].get(\"text\")\n            elif \"alert\" in value:\n                alert_text = value[\"alert\"].get(\"text\")\n            raise exception_class(message, screen, stacktrace, alert_text)  # type: ignore[call-arg]  # mypy is not smart enough here\n>       raise exception_class(message, screen, stacktrace)\nE       selenium.common.exceptions.SessionNotCreatedException: Message: session not created\nE       from timeout: Timed out receiving message from renderer: 600.000\nE         (Session info: headless chrome=102.0.5005.182)\n\n../local/lib/python3.9/site-packages/selenium/webdriver/remote/errorhandler.py:229: SessionNotCreatedException",
  "flaky" : false,
  "newFailed" : false,
  "beforeStages" : [ {
    "name" : "app",
    "time" : {
      "start" : 1716826970585,
      "stop" : 1716827571048,
      "duration" : 600463
    },
    "status" : "broken",
    "statusMessage" : "selenium.common.exceptions.SessionNotCreatedException: Message: session not created\nfrom timeout: Timed out receiving message from renderer: 600.000\n  (Session info: headless chrome=102.0.5005.182)\n\n",
    "statusTrace" : "  File \"/usr/local/lib/python3.9/site-packages/pluggy/_callers.py\", line 166, in _multicall\n    teardown.throw(outcome._exception)\n  File \"/usr/local/lib/python3.9/site-packages/_pytest/setuponly.py\", line 36, in pytest_fixture_setup\n    return (yield)\n  File \"/usr/local/lib/python3.9/site-packages/pluggy/_callers.py\", line 102, in _multicall\n    res = hook_impl.function(*args)\n  File \"/usr/local/lib/python3.9/site-packages/_pytest/fixtures.py\", line 1132, in pytest_fixture_setup\n    result = call_fixture_func(fixturefunc, request, kwargs)\n  File \"/usr/local/lib/python3.9/site-packages/_pytest/fixtures.py\", line 906, in call_fixture_func\n    fixture_result = next(generator)\n  File \"/usr/workspace/conftest.py\", line 92, in app\n    app_fixture = Application(browser=browser, base_url=web_config['baseUrl'], roomA=roomA, room_second_part=room_second_part, roomB=roomB)\n  File \"/usr/workspace/fixture/application.py\", line 17, in __init__\n    self.wd = webdriver.Chrome(options=options)\n  File \"/usr/local/lib/python3.9/site-packages/selenium/webdriver/chrome/webdriver.py\", line 45, in __init__\n    super().__init__(\n  File \"/usr/local/lib/python3.9/site-packages/selenium/webdriver/chromium/webdriver.py\", line 61, in __init__\n    super().__init__(command_executor=executor, options=options)\n  File \"/usr/local/lib/python3.9/site-packages/selenium/webdriver/remote/webdriver.py\", line 208, in __init__\n    self.start_session(capabilities)\n  File \"/usr/local/lib/python3.9/site-packages/selenium/webdriver/remote/webdriver.py\", line 292, in start_session\n    response = self.execute(Command.NEW_SESSION, caps)[\"value\"]\n  File \"/usr/local/lib/python3.9/site-packages/selenium/webdriver/remote/webdriver.py\", line 347, in execute\n    self.error_handler.check_response(response)\n  File \"/usr/local/lib/python3.9/site-packages/selenium/webdriver/remote/errorhandler.py\", line 229, in check_response\n    raise exception_class(message, screen, stacktrace)\n",
    "steps" : [ ],
    "attachments" : [ ],
    "parameters" : [ ],
    "attachmentsCount" : 0,
    "shouldDisplayMessage" : true,
    "stepsCount" : 0,
    "hasContent" : true
  }, {
    "name" : "api_client",
    "time" : {
      "start" : 1716826938617,
      "stop" : 1716826938617,
      "duration" : 0
    },
    "status" : "passed",
    "steps" : [ ],
    "attachments" : [ ],
    "parameters" : [ ],
    "attachmentsCount" : 0,
    "shouldDisplayMessage" : false,
    "stepsCount" : 0,
    "hasContent" : false
  }, {
    "name" : "config",
    "time" : {
      "start" : 1716826935518,
      "stop" : 1716826935518,
      "duration" : 0
    },
    "status" : "passed",
    "steps" : [ ],
    "attachments" : [ ],
    "parameters" : [ ],
    "attachmentsCount" : 0,
    "shouldDisplayMessage" : false,
    "stepsCount" : 0,
    "hasContent" : false
  }, {
    "name" : "init_authorization",
    "time" : {
      "start" : 1716826935518,
      "stop" : 1716826938617,
      "duration" : 3099
    },
    "status" : "passed",
    "steps" : [ ],
    "attachments" : [ ],
    "parameters" : [ ],
    "attachmentsCount" : 0,
    "shouldDisplayMessage" : false,
    "stepsCount" : 0,
    "hasContent" : false
  } ],
  "afterStages" : [ {
    "name" : "api_client::0",
    "time" : {
      "start" : 1716827650909,
      "stop" : 1716827650909,
      "duration" : 0
    },
    "status" : "passed",
    "steps" : [ ],
    "attachments" : [ ],
    "parameters" : [ ],
    "attachmentsCount" : 0,
    "shouldDisplayMessage" : false,
    "stepsCount" : 0,
    "hasContent" : false
  } ],
  "labels" : [ {
    "name" : "story",
    "value" : "Showing Chat Messages"
  }, {
    "name" : "severity",
    "value" : "normal"
  }, {
    "name" : "feature",
    "value" : "Chat Functionality"
  }, {
    "name" : "parentSuite",
    "value" : "test"
  }, {
    "name" : "suite",
    "value" : "test_show_messages"
  }, {
    "name" : "host",
    "value" : "be94021775f0"
  }, {
    "name" : "thread",
    "value" : "1-MainThread"
  }, {
    "name" : "framework",
    "value" : "pytest"
  }, {
    "name" : "language",
    "value" : "cpython3"
  }, {
    "name" : "package",
    "value" : "test.test_show_messages"
  }, {
    "name" : "resultFormat",
    "value" : "allure2"
  } ],
  "parameters" : [ ],
  "links" : [ ],
  "hidden" : false,
  "retry" : false,
  "extra" : {
    "severity" : "normal",
    "retries" : [ ],
    "categories" : [ {
      "name" : "Test defects",
      "matchedStatuses" : [ ],
      "flaky" : false
    } ],
    "history" : {
      "statistic" : {
        "failed" : 29,
        "broken" : 41,
        "skipped" : 0,
        "passed" : 112,
        "unknown" : 0,
        "total" : 182
      },
      "items" : [ {
        "uid" : "58a403cf5c809e28",
        "status" : "broken",
        "statusDetails" : "requests.exceptions.JSONDecodeError: Expecting value: line 1 column 1 (char 0)",
        "time" : {
          "start" : 1716798250755,
          "stop" : 1716798251424,
          "duration" : 669
        }
      }, {
        "uid" : "549c13cff2ce59d3",
        "status" : "broken",
        "statusDetails" : "requests.exceptions.JSONDecodeError: Expecting value: line 1 column 1 (char 0)",
        "time" : {
          "start" : 1716772788376,
          "stop" : 1716772788809,
          "duration" : 433
        }
      }, {
        "uid" : "10dc485bb753256",
        "status" : "broken",
        "statusDetails" : "selenium.common.exceptions.SessionNotCreatedException: Message: session not created\nfrom timeout: Timed out receiving message from renderer: 600.000\n  (Session info: headless chrome=102.0.5005.182)",
        "time" : {
          "start" : 1716741154526,
          "stop" : 1716741154526,
          "duration" : 0
        }
      }, {
        "uid" : "808ccecc80a5d8f0",
        "status" : "broken",
        "statusDetails" : "requests.exceptions.JSONDecodeError: Expecting value: line 1 column 1 (char 0)",
        "time" : {
          "start" : 1716711759427,
          "stop" : 1716711760918,
          "duration" : 1491
        }
      }, {
        "uid" : "a0c72c1025f3afc5",
        "status" : "broken",
        "statusDetails" : "requests.exceptions.JSONDecodeError: Expecting value: line 1 column 1 (char 0)",
        "time" : {
          "start" : 1716686655173,
          "stop" : 1716686655709,
          "duration" : 536
        }
      }, {
        "uid" : "1a0edea13d3e1e1f",
        "status" : "broken",
        "statusDetails" : "requests.exceptions.JSONDecodeError: Expecting value: line 1 column 1 (char 0)",
        "time" : {
          "start" : 1716654104349,
          "stop" : 1716654105785,
          "duration" : 1436
        }
      }, {
        "uid" : "ac0c9eb896b08b90",
        "status" : "broken",
        "statusDetails" : "requests.exceptions.JSONDecodeError: Expecting value: line 1 column 1 (char 0)",
        "time" : {
          "start" : 1716625394670,
          "stop" : 1716625395653,
          "duration" : 983
        }
      }, {
        "uid" : "173cfae1fd7c0aea",
        "status" : "broken",
        "statusDetails" : "requests.exceptions.JSONDecodeError: Expecting value: line 1 column 1 (char 0)",
        "time" : {
          "start" : 1716599838583,
          "stop" : 1716599839680,
          "duration" : 1097
        }
      }, {
        "uid" : "f1acd2f7ba445148",
        "status" : "broken",
        "statusDetails" : "requests.exceptions.JSONDecodeError: Expecting value: line 1 column 1 (char 0)",
        "time" : {
          "start" : 1716567743130,
          "stop" : 1716567744235,
          "duration" : 1105
        }
      }, {
        "uid" : "6dd8aa9a69d85ca6",
        "status" : "broken",
        "statusDetails" : "requests.exceptions.JSONDecodeError: Expecting value: line 1 column 1 (char 0)",
        "time" : {
          "start" : 1716539031587,
          "stop" : 1716539032730,
          "duration" : 1143
        }
      }, {
        "uid" : "6fc25a40a092e243",
        "status" : "broken",
        "statusDetails" : "requests.exceptions.JSONDecodeError: Expecting value: line 1 column 1 (char 0)",
        "time" : {
          "start" : 1716513526412,
          "stop" : 1716513527460,
          "duration" : 1048
        }
      }, {
        "uid" : "3b3e8a80c3781f93",
        "status" : "failed",
        "statusDetails" : "AssertionError: Сообщение с ID $fO-0zeFGFxWYI0rfQdjYtbL3SV3zXn82kyznmou0kvk не найдено.\nassert []",
        "time" : {
          "start" : 1716481594488,
          "stop" : 1716481597676,
          "duration" : 3188
        }
      }, {
        "uid" : "52dfc71b541d6d2f",
        "status" : "failed",
        "statusDetails" : "AssertionError: Сообщение с ID $DSAX96TZt-QXCDtuBAfuACO3lXtRV61P_R0PWHozX5U не найдено.\nassert []",
        "time" : {
          "start" : 1716452671372,
          "stop" : 1716452674544,
          "duration" : 3172
        }
      }, {
        "uid" : "686ea8e2fd2ad048",
        "status" : "failed",
        "statusDetails" : "AssertionError: Сообщение с ID $kyNHIWmOUWYyPJ52AGoAmZKntCcROadm_DGIjFuReUU не найдено.\nassert []",
        "time" : {
          "start" : 1716427157141,
          "stop" : 1716427160311,
          "duration" : 3170
        }
      }, {
        "uid" : "cdb7d241adc77ddb",
        "status" : "failed",
        "statusDetails" : "AssertionError: Сообщение с ID $1sfpHYx0bPfoVF4tgUlD3Qj3pDOwXm3tYfZHjM4R-zk не найдено.\nassert []",
        "time" : {
          "start" : 1716395226620,
          "stop" : 1716395229792,
          "duration" : 3172
        }
      }, {
        "uid" : "25a84faec2d38136",
        "status" : "failed",
        "statusDetails" : "AssertionError: Сообщение с ID $vl7VVjkET7aW_IERMjVBq532cUudr6ilTPV1TV9XVG4 не найдено.\nassert []",
        "time" : {
          "start" : 1716366359620,
          "stop" : 1716366362794,
          "duration" : 3174
        }
      }, {
        "uid" : "eac14fe0994eb224",
        "status" : "failed",
        "statusDetails" : "AssertionError: Сообщение с ID $d5HvlJJLjMpPFKVeY1cBdGAu_U7etkiskpEevmYuXLs не найдено.\nassert []",
        "time" : {
          "start" : 1716340801883,
          "stop" : 1716340805062,
          "duration" : 3179
        }
      }, {
        "uid" : "8897602d6e79c4a7",
        "status" : "failed",
        "statusDetails" : "AssertionError: Сообщение с ID $jTNxdlLI86YKnVRVb6iEIywMpQJZBai7fl9j1iuRJEE не найдено.\nassert []",
        "time" : {
          "start" : 1716308668917,
          "stop" : 1716308672085,
          "duration" : 3168
        }
      }, {
        "uid" : "e7185835391b196f",
        "status" : "failed",
        "statusDetails" : "AssertionError: Сообщение с ID $Iag18BwbBNPCCsrnTMXS6ZHjf07od1ejRb5lz1pyXCs не найдено.\nassert []",
        "time" : {
          "start" : 1716279896588,
          "stop" : 1716279899759,
          "duration" : 3171
        }
      }, {
        "uid" : "3e892e0df80b1723",
        "status" : "failed",
        "statusDetails" : "AssertionError: Сообщение с ID $5b8jo1to-eGMr3gNZqP13PB-EN42vmyYadfGoXTD2KM не найдено.\nassert []",
        "time" : {
          "start" : 1716254370927,
          "stop" : 1716254374094,
          "duration" : 3167
        }
      } ]
    },
    "tags" : [ ]
  },
  "source" : "5c8278e20539d0.json",
  "parameterValues" : [ ]
}