{
  "uid" : "dcf1efcb39befd73",
  "name" : "test_close_rules_modal",
  "fullName" : "test.test_clickable_button_rules#test_close_rules_modal",
  "historyId" : "bb949eee6ec3189213ba299c4dc9ddbe",
  "time" : {
    "start" : 1712680264756,
    "stop" : 1712680264756,
    "duration" : 0
  },
  "status" : "broken",
  "statusMessage" : "selenium.common.exceptions.SessionNotCreatedException: Message: session not created\nfrom timeout: Timed out receiving message from renderer: 600.000\n  (Session info: headless chrome=102.0.5005.182)",
  "statusTrace" : "request = <SubRequest 'app' for <Function test_click_chat_room>>\nconfig = {'api': {'Login_admin': 'testchat100', 'Login_player': 'testchat101', 'Password_admin': 'Qwert123}', 'Password_player': 'Qwert123}', ...}, 'web': {'baseUrl': 'https://qamain.kit.casino/'}}\ninit_authorization = (<fixture.authorization.Authorization object at 0x7f64e864ad00>, 'syt_NjM0MGQ4MWUtZjIyMC00OTMxLTg4ZWItZjNhZTU2OTJjYTdi...yNGMtMjg0ODRhN2QwY2Yz_YQPKywmBnaHjcBHHZLMP_3Td8c0', '4ea5b488-733b-4566-924c-28484a7d0cf3', '!qQtVtblQXsAHkkuYCN', ...)\n\n    @pytest.fixture(scope=\"session\", autouse=False)\n    def app(request, config, init_authorization):\n        # Фикстура для инициализации приложения (открытия браузера).\n        web_config = config[\"web\"]\n        browser = request.config.getoption(\"--browser\")\n        auth, player_access_token, player_user_id, admin_access_token, admin_user_id, roomA, room_second_part, roomB, admin_api_token = init_authorization\n    \n>       app_fixture = Application(browser=browser, base_url=web_config['baseUrl'], roomA=roomA, room_second_part=room_second_part, roomB=roomB)\n\nconftest.py:92: \n_ _ _ _ _ _ _ _ _ _ _ _ _ _ _ _ _ _ _ _ _ _ _ _ _ _ _ _ _ _ _ _ _ _ _ _ _ _ _ _ \nfixture/application.py:17: in __init__\n    self.wd = webdriver.Chrome(options=options)\n../local/lib/python3.9/site-packages/selenium/webdriver/chrome/webdriver.py:45: in __init__\n    super().__init__(\n../local/lib/python3.9/site-packages/selenium/webdriver/chromium/webdriver.py:61: in __init__\n    super().__init__(command_executor=executor, options=options)\n../local/lib/python3.9/site-packages/selenium/webdriver/remote/webdriver.py:208: in __init__\n    self.start_session(capabilities)\n../local/lib/python3.9/site-packages/selenium/webdriver/remote/webdriver.py:292: in start_session\n    response = self.execute(Command.NEW_SESSION, caps)[\"value\"]\n../local/lib/python3.9/site-packages/selenium/webdriver/remote/webdriver.py:347: in execute\n    self.error_handler.check_response(response)\n_ _ _ _ _ _ _ _ _ _ _ _ _ _ _ _ _ _ _ _ _ _ _ _ _ _ _ _ _ _ _ _ _ _ _ _ _ _ _ _ \n\nself = <selenium.webdriver.remote.errorhandler.ErrorHandler object at 0x7f64e8605310>\nresponse = {'status': 500, 'value': '{\"value\":{\"error\":\"session not created\",\"message\":\"session not created\\\\nfrom timeout: Timed out receiving message from renderer: 600.000\\\\n  (Session info: headless chrome=102.0.5005.182)\",\"stacktrace\":\"\"}}'}\n\n    def check_response(self, response: Dict[str, Any]) -> None:\n        \"\"\"Checks that a JSON response from the WebDriver does not have an\n        error.\n    \n        :Args:\n         - response - The JSON response from the WebDriver server as a dictionary\n           object.\n    \n        :Raises: If the response contains an error message.\n        \"\"\"\n        status = response.get(\"status\", None)\n        if not status or status == ErrorCode.SUCCESS:\n            return\n        value = None\n        message = response.get(\"message\", \"\")\n        screen: str = response.get(\"screen\", \"\")\n        stacktrace = None\n        if isinstance(status, int):\n            value_json = response.get(\"value\", None)\n            if value_json and isinstance(value_json, str):\n                import json\n    \n                try:\n                    value = json.loads(value_json)\n                    if len(value) == 1:\n                        value = value[\"value\"]\n                    status = value.get(\"error\", None)\n                    if not status:\n                        status = value.get(\"status\", ErrorCode.UNKNOWN_ERROR)\n                        message = value.get(\"value\") or value.get(\"message\")\n                        if not isinstance(message, str):\n                            value = message\n                            message = message.get(\"message\")\n                    else:\n                        message = value.get(\"message\", None)\n                except ValueError:\n                    pass\n    \n        exception_class: Type[WebDriverException]\n        e = ErrorCode()\n        error_codes = [item for item in dir(e) if not item.startswith(\"__\")]\n        for error_code in error_codes:\n            error_info = getattr(ErrorCode, error_code)\n            if isinstance(error_info, list) and status in error_info:\n                exception_class = getattr(ExceptionMapping, error_code, WebDriverException)\n                break\n        else:\n            exception_class = WebDriverException\n    \n        if not value:\n            value = response[\"value\"]\n        if isinstance(value, str):\n            raise exception_class(value)\n        if message == \"\" and \"message\" in value:\n            message = value[\"message\"]\n    \n        screen = None  # type: ignore[assignment]\n        if \"screen\" in value:\n            screen = value[\"screen\"]\n    \n        stacktrace = None\n        st_value = value.get(\"stackTrace\") or value.get(\"stacktrace\")\n        if st_value:\n            if isinstance(st_value, str):\n                stacktrace = st_value.split(\"\\n\")\n            else:\n                stacktrace = []\n                try:\n                    for frame in st_value:\n                        line = frame.get(\"lineNumber\", \"\")\n                        file = frame.get(\"fileName\", \"<anonymous>\")\n                        if line:\n                            file = f\"{file}:{line}\"\n                        meth = frame.get(\"methodName\", \"<anonymous>\")\n                        if \"className\" in frame:\n                            meth = f\"{frame['className']}.{meth}\"\n                        msg = \"    at %s (%s)\"\n                        msg = msg % (meth, file)\n                        stacktrace.append(msg)\n                except TypeError:\n                    pass\n        if exception_class == UnexpectedAlertPresentException:\n            alert_text = None\n            if \"data\" in value:\n                alert_text = value[\"data\"].get(\"text\")\n            elif \"alert\" in value:\n                alert_text = value[\"alert\"].get(\"text\")\n            raise exception_class(message, screen, stacktrace, alert_text)  # type: ignore[call-arg]  # mypy is not smart enough here\n>       raise exception_class(message, screen, stacktrace)\nE       selenium.common.exceptions.SessionNotCreatedException: Message: session not created\nE       from timeout: Timed out receiving message from renderer: 600.000\nE         (Session info: headless chrome=102.0.5005.182)\n\n../local/lib/python3.9/site-packages/selenium/webdriver/remote/errorhandler.py:229: SessionNotCreatedException",
  "flaky" : false,
  "newFailed" : false,
  "beforeStages" : [ {
    "name" : "api_client",
    "time" : {
      "start" : 1712679630152,
      "stop" : 1712679630152,
      "duration" : 0
    },
    "status" : "passed",
    "steps" : [ ],
    "attachments" : [ ],
    "parameters" : [ ],
    "attachmentsCount" : 0,
    "shouldDisplayMessage" : false,
    "stepsCount" : 0,
    "hasContent" : false
  }, {
    "name" : "init_authorization",
    "time" : {
      "start" : 1712679627075,
      "stop" : 1712679630151,
      "duration" : 3076
    },
    "status" : "passed",
    "steps" : [ ],
    "attachments" : [ ],
    "parameters" : [ ],
    "attachmentsCount" : 0,
    "shouldDisplayMessage" : false,
    "stepsCount" : 0,
    "hasContent" : false
  }, {
    "name" : "app",
    "time" : {
      "start" : 1712679664286,
      "stop" : 1712680264644,
      "duration" : 600358
    },
    "status" : "broken",
    "statusMessage" : "selenium.common.exceptions.SessionNotCreatedException: Message: session not created\nfrom timeout: Timed out receiving message from renderer: 600.000\n  (Session info: headless chrome=102.0.5005.182)\n\n",
    "statusTrace" : "  File \"/usr/local/lib/python3.9/site-packages/pluggy/_callers.py\", line 166, in _multicall\n    teardown.throw(outcome._exception)\n  File \"/usr/local/lib/python3.9/site-packages/_pytest/setuponly.py\", line 36, in pytest_fixture_setup\n    return (yield)\n  File \"/usr/local/lib/python3.9/site-packages/pluggy/_callers.py\", line 102, in _multicall\n    res = hook_impl.function(*args)\n  File \"/usr/local/lib/python3.9/site-packages/_pytest/fixtures.py\", line 1132, in pytest_fixture_setup\n    result = call_fixture_func(fixturefunc, request, kwargs)\n  File \"/usr/local/lib/python3.9/site-packages/_pytest/fixtures.py\", line 906, in call_fixture_func\n    fixture_result = next(generator)\n  File \"/usr/workspace/conftest.py\", line 92, in app\n    app_fixture = Application(browser=browser, base_url=web_config['baseUrl'], roomA=roomA, room_second_part=room_second_part, roomB=roomB)\n  File \"/usr/workspace/fixture/application.py\", line 17, in __init__\n    self.wd = webdriver.Chrome(options=options)\n  File \"/usr/local/lib/python3.9/site-packages/selenium/webdriver/chrome/webdriver.py\", line 45, in __init__\n    super().__init__(\n  File \"/usr/local/lib/python3.9/site-packages/selenium/webdriver/chromium/webdriver.py\", line 61, in __init__\n    super().__init__(command_executor=executor, options=options)\n  File \"/usr/local/lib/python3.9/site-packages/selenium/webdriver/remote/webdriver.py\", line 208, in __init__\n    self.start_session(capabilities)\n  File \"/usr/local/lib/python3.9/site-packages/selenium/webdriver/remote/webdriver.py\", line 292, in start_session\n    response = self.execute(Command.NEW_SESSION, caps)[\"value\"]\n  File \"/usr/local/lib/python3.9/site-packages/selenium/webdriver/remote/webdriver.py\", line 347, in execute\n    self.error_handler.check_response(response)\n  File \"/usr/local/lib/python3.9/site-packages/selenium/webdriver/remote/errorhandler.py\", line 229, in check_response\n    raise exception_class(message, screen, stacktrace)\n",
    "steps" : [ ],
    "attachments" : [ ],
    "parameters" : [ ],
    "attachmentsCount" : 0,
    "shouldDisplayMessage" : true,
    "stepsCount" : 0,
    "hasContent" : true
  }, {
    "name" : "config",
    "time" : {
      "start" : 1712679627075,
      "stop" : 1712679627075,
      "duration" : 0
    },
    "status" : "passed",
    "steps" : [ ],
    "attachments" : [ ],
    "parameters" : [ ],
    "attachmentsCount" : 0,
    "shouldDisplayMessage" : false,
    "stepsCount" : 0,
    "hasContent" : false
  } ],
  "afterStages" : [ {
    "name" : "api_client::0",
    "time" : {
      "start" : 1712680347601,
      "stop" : 1712680347601,
      "duration" : 0
    },
    "status" : "passed",
    "steps" : [ ],
    "attachments" : [ ],
    "parameters" : [ ],
    "attachmentsCount" : 0,
    "shouldDisplayMessage" : false,
    "stepsCount" : 0,
    "hasContent" : false
  } ],
  "labels" : [ {
    "name" : "story",
    "value" : "Closing Chat Rules Modal"
  }, {
    "name" : "severity",
    "value" : "normal"
  }, {
    "name" : "feature",
    "value" : "Chat Rules"
  }, {
    "name" : "parentSuite",
    "value" : "test"
  }, {
    "name" : "suite",
    "value" : "test_clickable_button_rules"
  }, {
    "name" : "host",
    "value" : "b8032d20b1d9"
  }, {
    "name" : "thread",
    "value" : "1-MainThread"
  }, {
    "name" : "framework",
    "value" : "pytest"
  }, {
    "name" : "language",
    "value" : "cpython3"
  }, {
    "name" : "package",
    "value" : "test.test_clickable_button_rules"
  }, {
    "name" : "resultFormat",
    "value" : "allure2"
  } ],
  "parameters" : [ ],
  "links" : [ ],
  "hidden" : false,
  "retry" : false,
  "extra" : {
    "severity" : "normal",
    "retries" : [ ],
    "categories" : [ {
      "name" : "Test defects",
      "matchedStatuses" : [ ],
      "flaky" : false
    } ],
    "history" : {
      "statistic" : {
        "failed" : 0,
        "broken" : 6,
        "skipped" : 24,
        "passed" : 10,
        "unknown" : 0,
        "total" : 40
      },
      "items" : [ {
        "uid" : "503c0b366e03e12c",
        "status" : "skipped",
        "statusDetails" : "Skipped: The rules of chat did not open, skipping this test",
        "time" : {
          "start" : 1712650927262,
          "stop" : 1712650927386,
          "duration" : 124
        }
      }, {
        "uid" : "49e72e8102aa32e",
        "status" : "skipped",
        "statusDetails" : "Skipped: The rules of chat did not open, skipping this test",
        "time" : {
          "start" : 1712625255285,
          "stop" : 1712625255401,
          "duration" : 116
        }
      }, {
        "uid" : "b274719f3358066c",
        "status" : "skipped",
        "statusDetails" : "Skipped: The rules of chat did not open, skipping this test",
        "time" : {
          "start" : 1712593444421,
          "stop" : 1712593444540,
          "duration" : 119
        }
      }, {
        "uid" : "e643bbb6941c1ea0",
        "status" : "skipped",
        "statusDetails" : "Skipped: The rules of chat did not open, skipping this test",
        "time" : {
          "start" : 1712564546941,
          "stop" : 1712564547060,
          "duration" : 119
        }
      }, {
        "uid" : "d00c728039660cff",
        "status" : "skipped",
        "statusDetails" : "Skipped: The rules of chat did not open, skipping this test",
        "time" : {
          "start" : 1712538926358,
          "stop" : 1712538926476,
          "duration" : 118
        }
      }, {
        "uid" : "989f38b027c09f47",
        "status" : "skipped",
        "statusDetails" : "Skipped: The rules of chat did not open, skipping this test",
        "time" : {
          "start" : 1712506822269,
          "stop" : 1712506822465,
          "duration" : 196
        }
      }, {
        "uid" : "b0a99d9d39e4fd4e",
        "status" : "skipped",
        "statusDetails" : "Skipped: The rules of chat did not open, skipping this test",
        "time" : {
          "start" : 1712478184787,
          "stop" : 1712478184907,
          "duration" : 120
        }
      }, {
        "uid" : "9840a36cc7599f4b",
        "status" : "skipped",
        "statusDetails" : "Skipped: The rules of chat did not open, skipping this test",
        "time" : {
          "start" : 1712452769875,
          "stop" : 1712452769991,
          "duration" : 116
        }
      }, {
        "uid" : "a733ba18588c601c",
        "status" : "skipped",
        "statusDetails" : "Skipped: The rules of chat did not open, skipping this test",
        "time" : {
          "start" : 1712420564638,
          "stop" : 1712420564754,
          "duration" : 116
        }
      }, {
        "uid" : "234a0df6b5acf179",
        "status" : "skipped",
        "statusDetails" : "Skipped: The rules of chat did not open, skipping this test",
        "time" : {
          "start" : 1712391670215,
          "stop" : 1712391670334,
          "duration" : 119
        }
      }, {
        "uid" : "8dd1ab519dfa957c",
        "status" : "skipped",
        "statusDetails" : "Skipped: The rules of chat did not open, skipping this test",
        "time" : {
          "start" : 1712365924606,
          "stop" : 1712365924758,
          "duration" : 152
        }
      }, {
        "uid" : "82430a0e5b8ada23",
        "status" : "skipped",
        "statusDetails" : "Skipped: The rules of chat did not open, skipping this test",
        "time" : {
          "start" : 1712334228779,
          "stop" : 1712334228896,
          "duration" : 117
        }
      }, {
        "uid" : "dcff8fdf7152651c",
        "status" : "skipped",
        "statusDetails" : "Skipped: The rules of chat did not open, skipping this test",
        "time" : {
          "start" : 1712305537452,
          "stop" : 1712305537572,
          "duration" : 120
        }
      }, {
        "uid" : "953423221043374d",
        "status" : "skipped",
        "statusDetails" : "Skipped: The rules of chat did not open, skipping this test",
        "time" : {
          "start" : 1712279623038,
          "stop" : 1712279623157,
          "duration" : 119
        }
      }, {
        "uid" : "7b9e271abc4646f5",
        "status" : "skipped",
        "statusDetails" : "Skipped: The rules of chat did not open, skipping this test",
        "time" : {
          "start" : 1712247735694,
          "stop" : 1712247735811,
          "duration" : 117
        }
      }, {
        "uid" : "29bbdbd388d78d17",
        "status" : "skipped",
        "statusDetails" : "Skipped: The rules of chat did not open, skipping this test",
        "time" : {
          "start" : 1712218979570,
          "stop" : 1712218979686,
          "duration" : 116
        }
      }, {
        "uid" : "d834cca4a7ad452f",
        "status" : "skipped",
        "statusDetails" : "Skipped: The rules of chat did not open, skipping this test",
        "time" : {
          "start" : 1712193287771,
          "stop" : 1712193287886,
          "duration" : 115
        }
      }, {
        "uid" : "aeb6097735d1048",
        "status" : "skipped",
        "statusDetails" : "Skipped: The rules of chat did not open, skipping this test",
        "time" : {
          "start" : 1712161276877,
          "stop" : 1712161276995,
          "duration" : 118
        }
      }, {
        "uid" : "dc72b075f11059f0",
        "status" : "broken",
        "statusDetails" : "AttributeError: 'NoneType' object has no attribute 'args'",
        "time" : {
          "start" : 1712140295995,
          "stop" : 1712140295995,
          "duration" : 0
        }
      }, {
        "uid" : "b91e1db96b5b21a",
        "status" : "passed",
        "time" : {
          "start" : 1712139487335,
          "stop" : 1712139493555,
          "duration" : 6220
        }
      } ]
    },
    "tags" : [ ]
  },
  "source" : "dcf1efcb39befd73.json",
  "parameterValues" : [ ]
}